<?xml version="1.0" encoding="UTF-8"?>
<!-- Generated by org.testng.reporters.JUnitReportReporter -->
<testsuite hostname="XE-GGN-IT-01250" name="com.makemytrip.tests.GetRoundTripStudentFareTest" tests="1" failures="0" timestamp="21 Jan 2020 13:22:21 GMT" time="8.704" errors="0">
  <testcase name="getRoundTripStudentFareOfFlight" time="8.704" classname="com.makemytrip.tests.GetRoundTripStudentFareTest"/>
</testsuite> <!-- com.makemytrip.tests.GetRoundTripStudentFareTest -->
