<?xml version="1.0" encoding="UTF-8"?>
<!-- Generated by org.testng.reporters.JUnitReportReporter -->
<testsuite hostname="XE-GGN-IT-01250" name="com.makemytrip.tests.LoginTest" tests="1" failures="0" timestamp="21 Jan 2020 13:22:21 GMT" time="28.844" errors="0">
  <testcase name="loginwithValidData" time="28.844" classname="com.makemytrip.tests.LoginTest"/>
</testsuite> <!-- com.makemytrip.tests.LoginTest -->
