<?xml version="1.0" encoding="UTF-8"?>
<!-- Generated by org.testng.reporters.JUnitReportReporter -->
<testsuite hostname="XE-GGN-IT-01250" name="com.makemytrip.tests.ChangeUnameTest" tests="1" failures="0" timestamp="21 Jan 2020 11:54:44 GMT" time="36.826" errors="0">
  <testcase name="changeUserNameTest" time="36.826" classname="com.makemytrip.tests.ChangeUnameTest"/>
</testsuite> <!-- com.makemytrip.tests.ChangeUnameTest -->
